<?xml version="1.0" encoding="UTF-8"?>
<!-- Generated by org.testng.reporters.JUnitReportReporter -->
<testsuite skipped="0" hostname="DESKTOP-RN62EUK" name="selenium_project.Test2" tests="3" failures="0" timestamp="19 Mar 2019 15:52:55 GMT" time="0.005" errors="0">
  <testcase name="tc_6" time="0.001" classname="selenium_project.Test2"/>
  <testcase name="tc_4" time="0.001" classname="selenium_project.Test2"/>
  <testcase name="tc_5" time="0.003" classname="selenium_project.Test2"/>
</testsuite> <!-- selenium_project.Test2 -->
