<?xml version="1.0" encoding="UTF-8"?>
<!-- Generated by org.testng.reporters.JUnitReportReporter -->
<testsuite skipped="0" hostname="DESKTOP-RN62EUK" name="selenium_project.Test1" tests="3" failures="0" timestamp="19 Mar 2019 15:52:55 GMT" time="0.010" errors="0">
  <testcase name="tc_1" time="0.003" classname="selenium_project.Test1"/>
  <testcase name="tc_3" time="0.006" classname="selenium_project.Test1"/>
  <testcase name="tc_2" time="0.001" classname="selenium_project.Test1"/>
</testsuite> <!-- selenium_project.Test1 -->
