<?xml version="1.0" encoding="UTF-8"?>
<!-- Generated by org.testng.reporters.JUnitReportReporter -->
<testsuite skipped="0" hostname="DESKTOP-RN62EUK" name="selenium_project.Test3" tests="2" failures="0" timestamp="19 Mar 2019 15:52:55 GMT" time="0.002" errors="0">
  <testcase name="tc_7" time="0.001" classname="selenium_project.Test3"/>
  <testcase name="tc_8" time="0.001" classname="selenium_project.Test3"/>
</testsuite> <!-- selenium_project.Test3 -->
