<?xml version="1.0" encoding="UTF-8"?>
<!-- Generated by org.testng.reporters.JUnitReportReporter -->
<testsuite hostname="DESKTOP-RN62EUK" failures="0" tests="3" name="selenium_project.Test2forTestsouit" time="0.019" errors="0" timestamp="30 Jan 2019 13:45:07 GMT" skipped="0">
  <testcase classname="selenium_project.Test2forTestsouit" name="tc_6" time="0.002"/>
  <testcase classname="selenium_project.Test2forTestsouit" name="tc_5" time="0.002"/>
  <testcase classname="selenium_project.Test2forTestsouit" name="tc_4" time="0.015"/>
</testsuite> <!-- selenium_project.Test2forTestsouit -->
