<?xml version="1.0" encoding="UTF-8"?>
<!-- Generated by org.testng.reporters.JUnitReportReporter -->
<testsuite skipped="1" hostname="DESKTOP-RN62EUK" name="com.TestNg.TestNgDemo" tests="3" failures="0" timestamp="09 May 2019 22:01:49 GMT" time="2.089" errors="0">
  <testcase name="tc_3" time="0.003" classname="com.TestNg.TestNgDemo"/>
  <testcase name="tc_1" time="2.086" classname="com.TestNg.TestNgDemo"/>
  <testcase name="tc_2" classname="com.TestNg.TestNgDemo">
    <skipped/>
  </testcase> <!-- tc_2 -->
</testsuite> <!-- com.TestNg.TestNgDemo -->
